{"level":30,"time":1744444103829,"pid":31602,"hostname":"FreddeMacBook-Pro.local","msg":"更新交易对: 50 个"}
{"level":30,"time":1744444104032,"pid":31602,"hostname":"FreddeMacBook-Pro.local","msg":"更新 binance 的资金费率: ALCHUSDT -> 0.00005 (APR: 5.48%, Daily APR: 0.02%)"}
{"level":30,"time":1744444104032,"pid":31602,"hostname":"FreddeMacBook-Pro.local","msg":"更新 binance 的资金费率: VINEUSDT -> 0.00005 (APR: 5.48%, Daily APR: 0.02%)"}
{"level":30,"time":1744444104032,"pid":31602,"hostname":"FreddeMacBook-Pro.local","msg":"更新 binance 的资金费率: CRVUSDT -> 0.0001 (APR: 10.95%, Daily APR: 0.03%)"}
{"level":30,"time":1744444104032,"pid":31602,"hostname":"FreddeMacBook-Pro.local","msg":"更新 binance 的资金费率: DOGEUSDT -> 0.00005721 (APR: 6.26%, Daily APR: 0.02%)"}
{"level":30,"time":1744444104032,"pid":31602,"hostname":"FreddeMacBook-Pro.local","msg":"更新 binance 的资金费率: BABYUSDT -> -0.01256987 (APR: -1376.40%, Daily APR: -3.77%)"}
{"level":30,"time":1744444104032,"pid":31602,"hostname":"FreddeMacBook-Pro.local","msg":"更新 binance 的资金费率: VIDTUSDT -> 0.00062687 (APR: 68.64%, Daily APR: 0.19%)"}
{"level":30,"time":1744444104032,"pid":31602,"hostname":"FreddeMacBook-Pro.local","msg":"更新 binance 的资金费率: DOTUSDT -> 0.00007277 (APR: 7.97%, Daily APR: 0.02%)"}
{"level":30,"time":1744444104032,"pid":31602,"hostname":"FreddeMacBook-Pro.local","msg":"更新 binance 的资金费率: AVAXUSDT -> -0.00011121 (APR: -12.18%, Daily APR: -0.03%)"}
{"level":30,"time":1744444104032,"pid":31602,"hostname":"FreddeMacBook-Pro.local","msg":"更新 binance 的资金费率: POPCATUSDT -> -0.00002885 (APR: -3.16%, Daily APR: -0.01%)"}
{"level":30,"time":1744444104032,"pid":31602,"hostname":"FreddeMacBook-Pro.local","msg":"更新 binance 的资金费率: ORCAUSDT -> -0.01873411 (APR: -2051.39%, Daily APR: -5.62%)"}
{"level":30,"time":1744444104032,"pid":31602,"hostname":"FreddeMacBook-Pro.local","msg":"更新 binance 的资金费率: BIGTIMEUSDT -> -0.00004493 (APR: -4.92%, Daily APR: -0.01%)"}
{"level":30,"time":1744444104032,"pid":31602,"hostname":"FreddeMacBook-Pro.local","msg":"更新 binance 的资金费率: TAOUSDT -> -0.00009177 (APR: -10.05%, Daily APR: -0.03%)"}
{"level":30,"time":1744444104032,"pid":31602,"hostname":"FreddeMacBook-Pro.local","msg":"更新 binance 的资金费率: BCHUSDT -> 0.00002723 (APR: 2.98%, Daily APR: 0.01%)"}
{"level":30,"time":1744444104032,"pid":31602,"hostname":"FreddeMacBook-Pro.local","msg":"更新 binance 的资金费率: LTCUSDT -> 0.00000479 (APR: 0.52%, Daily APR: 0.00%)"}
{"level":30,"time":1744444104032,"pid":31602,"hostname":"FreddeMacBook-Pro.local","msg":"更新 binance 的资金费率: PROMPTUSDT -> -0.0087004 (APR: -952.69%, Daily APR: -2.61%)"}
{"level":30,"time":1744444104032,"pid":31602,"hostname":"FreddeMacBook-Pro.local","msg":"更新 binance 的资金费率: BERAUSDT -> -0.0005871 (APR: -64.29%, Daily APR: -0.18%)"}
{"level":30,"time":1744444104032,"pid":31602,"hostname":"FreddeMacBook-Pro.local","msg":"更新 binance 的资金费率: XCNUSDT -> -0.00286066 (APR: -313.24%, Daily APR: -0.86%)"}
{"level":30,"time":1744444104032,"pid":31602,"hostname":"FreddeMacBook-Pro.local","msg":"更新 binance 的资金费率: BNBUSDT -> -0.00014411 (APR: -15.78%, Daily APR: -0.04%)"}
{"level":30,"time":1744444104032,"pid":31602,"hostname":"FreddeMacBook-Pro.local","msg":"更新 binance 的资金费率: NEARUSDT -> 0.00001193 (APR: 1.31%, Daily APR: 0.00%)"}
{"level":30,"time":1744444104032,"pid":31602,"hostname":"FreddeMacBook-Pro.local","msg":"更新 binance 的资金费率: USUALUSDT -> -0.00057351 (APR: -62.80%, Daily APR: -0.17%)"}
{"level":30,"time":1744444104032,"pid":31602,"hostname":"FreddeMacBook-Pro.local","msg":"更新 binance 的资金费率: MUBARAKUSDT -> 0.00005 (APR: 5.48%, Daily APR: 0.02%)"}
{"level":30,"time":1744444104032,"pid":31602,"hostname":"FreddeMacBook-Pro.local","msg":"更新 binance 的资金费率: GUNUSDT -> -0.00009271 (APR: -10.15%, Daily APR: -0.03%)"}
{"level":30,"time":1744444104032,"pid":31602,"hostname":"FreddeMacBook-Pro.local","msg":"更新 binance 的资金费率: ENAUSDT -> 0.00003761 (APR: 4.12%, Daily APR: 0.01%)"}
{"level":30,"time":1744444104032,"pid":31602,"hostname":"FreddeMacBook-Pro.local","msg":"更新 binance 的资金费率: FARTCOINUSDT -> -0.00011088 (APR: -12.14%, Daily APR: -0.03%)"}
{"level":30,"time":1744444104032,"pid":31602,"hostname":"FreddeMacBook-Pro.local","msg":"更新 binance 的资金费率: SUSDT -> -0.00000843 (APR: -0.92%, Daily APR: -0.00%)"}
{"level":30,"time":1744444104032,"pid":31602,"hostname":"FreddeMacBook-Pro.local","msg":"更新 binance 的资金费率: VIRTUALUSDT -> -0.00116252 (APR: -127.30%, Daily APR: -0.35%)"}
{"level":30,"time":1744444104032,"pid":31602,"hostname":"FreddeMacBook-Pro.local","msg":"更新 binance 的资金费率: ONDOUSDT -> -0.00017468 (APR: -19.13%, Daily APR: -0.05%)"}
{"level":30,"time":1744444104032,"pid":31602,"hostname":"FreddeMacBook-Pro.local","msg":"更新 binance 的资金费率: AGIXUSDT -> 0.0001 (APR: 10.95%, Daily APR: 0.03%)"}
{"level":30,"time":1744444104032,"pid":31602,"hostname":"FreddeMacBook-Pro.local","msg":"更新 binance 的资金费率: WIFUSDT -> -0.00019115 (APR: -20.93%, Daily APR: -0.06%)"}
{"level":30,"time":1744444104032,"pid":31602,"hostname":"FreddeMacBook-Pro.local","msg":"更新 binance 的资金费率: SUIUSDT -> -0.00004263 (APR: -4.67%, Daily APR: -0.01%)"}
{"level":30,"time":1744444104032,"pid":31602,"hostname":"FreddeMacBook-Pro.local","msg":"更新 binance 的资金费率: LAYERUSDT -> -0.00046837 (APR: -51.29%, Daily APR: -0.14%)"}
{"level":30,"time":1744444104032,"pid":31602,"hostname":"FreddeMacBook-Pro.local","msg":"更新 binance 的资金费率: SOLUSDT -> -0.0000131 (APR: -1.43%, Daily APR: -0.00%)"}
{"level":30,"time":1744444104032,"pid":31602,"hostname":"FreddeMacBook-Pro.local","msg":"更新 binance 的资金费率: PARTIUSDT -> 0.00004472 (APR: 4.90%, Daily APR: 0.01%)"}
{"level":30,"time":1744444104032,"pid":31602,"hostname":"FreddeMacBook-Pro.local","msg":"更新 binance 的资金费率: BTCUSDT -> 0.00006122 (APR: 6.70%, Daily APR: 0.02%)"}
{"level":30,"time":1744444104033,"pid":31602,"hostname":"FreddeMacBook-Pro.local","msg":"更新 binance 的资金费率: XRPUSDT -> 0.00003426 (APR: 3.75%, Daily APR: 0.01%)"}
{"level":30,"time":1744444104033,"pid":31602,"hostname":"FreddeMacBook-Pro.local","msg":"更新 binance 的资金费率: LINKUSDT -> 0.0001 (APR: 10.95%, Daily APR: 0.03%)"}
{"level":30,"time":1744444104033,"pid":31602,"hostname":"FreddeMacBook-Pro.local","msg":"更新 binance 的资金费率: AAVEUSDT -> 0.00001781 (APR: 1.95%, Daily APR: 0.01%)"}
{"level":30,"time":1744444104033,"pid":31602,"hostname":"FreddeMacBook-Pro.local","msg":"更新 binance 的资金费率: TRXUSDT -> 0.0001 (APR: 10.95%, Daily APR: 0.03%)"}
{"level":30,"time":1744444104033,"pid":31602,"hostname":"FreddeMacBook-Pro.local","msg":"更新 binance 的资金费率: ETHUSDT -> -9.4e-7 (APR: -0.10%, Daily APR: -0.00%)"}
{"level":30,"time":1744444104033,"pid":31602,"hostname":"FreddeMacBook-Pro.local","msg":"更新 binance 的资金费率: TRUMPUSDT -> -0.00001156 (APR: -1.27%, Daily APR: -0.00%)"}
{"level":30,"time":1744444104033,"pid":31602,"hostname":"FreddeMacBook-Pro.local","msg":"更新 binance 的资金费率: 1000BONKUSDT -> 0.00005 (APR: 5.48%, Daily APR: 0.02%)"}
{"level":30,"time":1744444104033,"pid":31602,"hostname":"FreddeMacBook-Pro.local","msg":"更新 binance 的资金费率: ADAUSDT -> 0.00003637 (APR: 3.98%, Daily APR: 0.01%)"}
{"level":30,"time":1744444104033,"pid":31602,"hostname":"FreddeMacBook-Pro.local","msg":"更新 binance 的资金费率: 1000PEPEUSDT -> 0.0001 (APR: 10.95%, Daily APR: 0.03%)"}
{"level":30,"time":1744444104033,"pid":31602,"hostname":"FreddeMacBook-Pro.local","msg":"更新 binance 的资金费率: HBARUSDT -> -0.00008839 (APR: -9.68%, Daily APR: -0.03%)"}
{"level":30,"time":1744444104033,"pid":31602,"hostname":"FreddeMacBook-Pro.local","msg":"更新 binance 的资金费率: FUNUSDT -> -0.00260841 (APR: -285.62%, Daily APR: -0.78%)"}
{"level":30,"time":1744444104033,"pid":31602,"hostname":"FreddeMacBook-Pro.local","msg":"更新 binance 的资金费率: UXLINKUSDT -> -0.00097492 (APR: -106.75%, Daily APR: -0.29%)"}
{"level":30,"time":1744444104033,"pid":31602,"hostname":"FreddeMacBook-Pro.local","msg":"更新 binance 的资金费率: EOSUSDT -> -0.00014101 (APR: -15.44%, Daily APR: -0.04%)"}
{"level":30,"time":1744444104033,"pid":31602,"hostname":"FreddeMacBook-Pro.local","msg":"更新 binance 的资金费率: TONUSDT -> 0.00005 (APR: 5.48%, Daily APR: 0.02%)"}
{"level":30,"time":1744444104033,"pid":31602,"hostname":"FreddeMacBook-Pro.local","msg":"更新 binance 的资金费率: BNXUSDT -> 0.00005 (APR: 5.48%, Daily APR: 0.02%)"}
{"level":30,"time":1744444104033,"pid":31602,"hostname":"FreddeMacBook-Pro.local","msg":"更新 binance 的资金费率: GASUSDT -> -0.00029177 (APR: -31.95%, Daily APR: -0.09%)"}
{"level":30,"time":1744444104033,"pid":31602,"hostname":"FreddeMacBook-Pro.local","msg":"binance 通过 REST 获取资金费率成功"}
{"level":30,"time":1744444104150,"pid":31602,"hostname":"FreddeMacBook-Pro.local","msg":"更新 okx 的资金费率: BTC-USDT-SWAP -> 0.0000203434312407 (APR: 2.23%, Daily APR: 0.01%)"}
{"level":30,"time":1744444104200,"pid":31602,"hostname":"FreddeMacBook-Pro.local","msg":"更新 okx 的资金费率: ETH-USDT-SWAP -> 0.0000111193605498 (APR: 1.22%, Daily APR: 0.00%)"}
{"level":30,"time":1744444104237,"pid":31602,"hostname":"FreddeMacBook-Pro.local","msg":"更新 okx 的资金费率: SOL-USDT-SWAP -> 0.0000177139543502 (APR: 1.94%, Daily APR: 0.01%)"}
{"level":30,"time":1744444104287,"pid":31602,"hostname":"FreddeMacBook-Pro.local","msg":"更新 okx 的资金费率: XRP-USDT-SWAP -> 0.0000819960609359 (APR: 8.98%, Daily APR: 0.02%)"}
{"level":30,"time":1744444104327,"pid":31602,"hostname":"FreddeMacBook-Pro.local","msg":"更新 okx 的资金费率: BABY-USDT-SWAP -> -0.0081423538775649 (APR: -891.59%, Daily APR: -2.44%)"}
{"level":30,"time":1744444104364,"pid":31602,"hostname":"FreddeMacBook-Pro.local","msg":"更新 okx 的资金费率: FARTCOIN-USDT-SWAP -> -0.0002123444936885 (APR: -23.25%, Daily APR: -0.06%)"}
{"level":30,"time":1744444104403,"pid":31602,"hostname":"FreddeMacBook-Pro.local","msg":"更新 okx 的资金费率: PROMPT-USDT-SWAP -> -0.0080960810652373 (APR: -886.52%, Daily APR: -2.43%)"}
{"level":30,"time":1744444104489,"pid":31602,"hostname":"FreddeMacBook-Pro.local","msg":"更新 okx 的资金费率: DOGE-USDT-SWAP -> 0.00007267630391 (APR: 7.96%, Daily APR: 0.02%)"}
{"level":30,"time":1744444104568,"pid":31602,"hostname":"FreddeMacBook-Pro.local","msg":"更新 okx 的资金费率: SUI-USDT-SWAP -> -0.0000910809582653 (APR: -9.97%, Daily APR: -0.03%)"}
{"level":30,"time":1744444104647,"pid":31602,"hostname":"FreddeMacBook-Pro.local","msg":"更新 okx 的资金费率: ADA-USDT-SWAP -> -0.0000049271030611 (APR: -0.54%, Daily APR: -0.00%)"}
{"level":30,"time":1744444104687,"pid":31602,"hostname":"FreddeMacBook-Pro.local","msg":"更新 okx 的资金费率: CRV-USDT-SWAP -> 0.0001358588671013 (APR: 14.88%, Daily APR: 0.04%)"}
{"level":30,"time":1744444104727,"pid":31602,"hostname":"FreddeMacBook-Pro.local","msg":"更新 okx 的资金费率: ONDO-USDT-SWAP -> 0.0001232535716045 (APR: 13.50%, Daily APR: 0.04%)"}
{"level":30,"time":1744444104778,"pid":31602,"hostname":"FreddeMacBook-Pro.local","msg":"更新 okx 的资金费率: GUN-USDT-SWAP -> -0.000180712482643 (APR: -19.79%, Daily APR: -0.05%)"}
{"level":30,"time":1744444104816,"pid":31602,"hostname":"FreddeMacBook-Pro.local","msg":"更新 okx 的资金费率: BNB-USDT-SWAP -> -0.0001326179804937 (APR: -14.52%, Daily APR: -0.04%)"}
{"level":30,"time":1744444104858,"pid":31602,"hostname":"FreddeMacBook-Pro.local","msg":"更新 okx 的资金费率: LAYER-USDT-SWAP -> -0.0000390931959633 (APR: -4.28%, Daily APR: -0.01%)"}
{"level":30,"time":1744444104897,"pid":31602,"hostname":"FreddeMacBook-Pro.local","msg":"更新 okx 的资金费率: BIGTIME-USDT-SWAP -> 0.0000682557333721 (APR: 7.47%, Daily APR: 0.02%)"}
{"level":30,"time":1744444104932,"pid":31602,"hostname":"FreddeMacBook-Pro.local","msg":"更新 okx 的资金费率: AVAX-USDT-SWAP -> -0.000110029121318 (APR: -12.05%, Daily APR: -0.03%)"}
{"level":30,"time":1744444104973,"pid":31602,"hostname":"FreddeMacBook-Pro.local","msg":"更新 okx 的资金费率: TRUMP-USDT-SWAP -> -0.0000239034940769 (APR: -2.62%, Daily APR: -0.01%)"}
{"level":30,"time":1744444105015,"pid":31602,"hostname":"FreddeMacBook-Pro.local","msg":"更新 okx 的资金费率: POPCAT-USDT-SWAP -> -0.0001571962579234 (APR: -17.21%, Daily APR: -0.05%)"}
{"level":30,"time":1744444105054,"pid":31602,"hostname":"FreddeMacBook-Pro.local","msg":"更新 okx 的资金费率: GAS-USDT-SWAP -> -0.0005323398028839 (APR: -58.29%, Daily APR: -0.16%)"}
{"level":30,"time":1744444105086,"pid":31602,"hostname":"FreddeMacBook-Pro.local","msg":"更新 okx 的资金费率: LINK-USDT-SWAP -> 0.0001 (APR: 10.95%, Daily APR: 0.03%)"}
{"level":30,"time":1744444105165,"pid":31602,"hostname":"FreddeMacBook-Pro.local","msg":"更新 okx 的资金费率: EOS-USDT-SWAP -> -0.0000604561668154 (APR: -6.62%, Daily APR: -0.02%)"}
{"level":30,"time":1744444105249,"pid":31602,"hostname":"FreddeMacBook-Pro.local","msg":"更新 okx 的资金费率: WIF-USDT-SWAP -> -0.0002046319993142 (APR: -22.41%, Daily APR: -0.06%)"}
{"level":30,"time":1744444105283,"pid":31602,"hostname":"FreddeMacBook-Pro.local","msg":"更新 okx 的资金费率: ALCH-USDT-SWAP -> 0.0000690784077474 (APR: 7.56%, Daily APR: 0.02%)"}
{"level":30,"time":1744444105356,"pid":31602,"hostname":"FreddeMacBook-Pro.local","msg":"更新 okx 的资金费率: LTC-USDT-SWAP -> 0.0000373770686608 (APR: 4.09%, Daily APR: 0.01%)"}
{"level":30,"time":1744444105393,"pid":31602,"hostname":"FreddeMacBook-Pro.local","msg":"更新 okx 的资金费率: TAO-USDT-SWAP -> -0.0001222774184646 (APR: -13.39%, Daily APR: -0.04%)"}
{"level":30,"time":1744444105431,"pid":31602,"hostname":"FreddeMacBook-Pro.local","msg":"更新 okx 的资金费率: UXLINK-USDT-SWAP -> -0.0014825347877936 (APR: -162.34%, Daily APR: -0.44%)"}
{"level":30,"time":1744444105467,"pid":31602,"hostname":"FreddeMacBook-Pro.local","msg":"更新 okx 的资金费率: HBAR-USDT-SWAP -> -0.0001421967466347 (APR: -15.57%, Daily APR: -0.04%)"}
{"level":30,"time":1744444105512,"pid":31602,"hostname":"FreddeMacBook-Pro.local","msg":"更新 okx 的资金费率: TRX-USDT-SWAP -> 0.0001020126360065 (APR: 11.17%, Daily APR: 0.03%)"}
{"level":30,"time":1744444105551,"pid":31602,"hostname":"FreddeMacBook-Pro.local","msg":"更新 okx 的资金费率: VIRTUAL-USDT-SWAP -> -0.0009372771856334 (APR: -102.63%, Daily APR: -0.28%)"}
{"level":30,"time":1744444105597,"pid":31602,"hostname":"FreddeMacBook-Pro.local","msg":"更新 okx 的资金费率: BERA-USDT-SWAP -> -0.00051714989577 (APR: -56.63%, Daily APR: -0.16%)"}
{"level":30,"time":1744444105637,"pid":31602,"hostname":"FreddeMacBook-Pro.local","msg":"更新 okx 的资金费率: VINE-USDT-SWAP -> 0.0000370093270292 (APR: 4.05%, Daily APR: 0.01%)"}
{"level":30,"time":1744444105713,"pid":31602,"hostname":"FreddeMacBook-Pro.local","msg":"更新 okx 的资金费率: AAVE-USDT-SWAP -> 0.0000365510397227 (APR: 4.00%, Daily APR: 0.01%)"}
{"level":30,"time":1744444105752,"pid":31602,"hostname":"FreddeMacBook-Pro.local","msg":"更新 okx 的资金费率: BCH-USDT-SWAP -> 0.0000152200174568 (APR: 1.67%, Daily APR: 0.00%)"}
{"level":30,"time":1744444105838,"pid":31602,"hostname":"FreddeMacBook-Pro.local","msg":"更新 okx 的资金费率: PARTI-USDT-SWAP -> -0.0000835586417963 (APR: -9.15%, Daily APR: -0.03%)"}
{"level":30,"time":1744444105881,"pid":31602,"hostname":"FreddeMacBook-Pro.local","msg":"更新 okx 的资金费率: TON-USDT-SWAP -> -0.0000698396457829 (APR: -7.65%, Daily APR: -0.02%)"}
{"level":30,"time":1744444105921,"pid":31602,"hostname":"FreddeMacBook-Pro.local","msg":"更新 okx 的资金费率: NEAR-USDT-SWAP -> -0.0001386521322205 (APR: -15.18%, Daily APR: -0.04%)"}
{"level":30,"time":1744444106077,"pid":31602,"hostname":"FreddeMacBook-Pro.local","msg":"更新 okx 的资金费率: S-USDT-SWAP -> -0.0000242577270709 (APR: -2.66%, Daily APR: -0.01%)"}
{"level":30,"time":1744444106122,"pid":31602,"hostname":"FreddeMacBook-Pro.local","msg":"更新 okx 的资金费率: DOT-USDT-SWAP -> -0.0000521070595307 (APR: -5.71%, Daily APR: -0.02%)"}
{"level":30,"time":1744444106122,"pid":31602,"hostname":"FreddeMacBook-Pro.local","msg":"okx 通过 REST 获取资金费率成功"}
{"level":30,"time":1744444106316,"pid":31602,"hostname":"FreddeMacBook-Pro.local","msg":"更新 bybit 的资金费率: 1000BONKUSDT -> 0.00005 (APR: 5.48%, Daily APR: 0.02%)"}
{"level":30,"time":1744444106316,"pid":31602,"hostname":"FreddeMacBook-Pro.local","msg":"更新 bybit 的资金费率: 1000PEPEUSDT -> 0.0001 (APR: 10.95%, Daily APR: 0.03%)"}
{"level":30,"time":1744444106316,"pid":31602,"hostname":"FreddeMacBook-Pro.local","msg":"更新 bybit 的资金费率: AAVEUSDT -> 0.00002213 (APR: 2.42%, Daily APR: 0.01%)"}
{"level":30,"time":1744444106316,"pid":31602,"hostname":"FreddeMacBook-Pro.local","msg":"更新 bybit 的资金费率: ADAUSDT -> 0.00003609 (APR: 3.95%, Daily APR: 0.01%)"}
{"level":30,"time":1744444106316,"pid":31602,"hostname":"FreddeMacBook-Pro.local","msg":"更新 bybit 的资金费率: ALCHUSDT -> 0.00005 (APR: 5.48%, Daily APR: 0.02%)"}
{"level":30,"time":1744444106316,"pid":31602,"hostname":"FreddeMacBook-Pro.local","msg":"更新 bybit 的资金费率: AVAXUSDT -> -0.00000181 (APR: -0.20%, Daily APR: -0.00%)"}
{"level":30,"time":1744444106316,"pid":31602,"hostname":"FreddeMacBook-Pro.local","msg":"更新 bybit 的资金费率: BABYUSDT -> -0.008 (APR: -876.00%, Daily APR: -2.40%)"}
{"level":30,"time":1744444106317,"pid":31602,"hostname":"FreddeMacBook-Pro.local","msg":"更新 bybit 的资金费率: BCHUSDT -> 0.0001 (APR: 10.95%, Daily APR: 0.03%)"}
{"level":30,"time":1744444106317,"pid":31602,"hostname":"FreddeMacBook-Pro.local","msg":"更新 bybit 的资金费率: BERAUSDT -> -0.00024974 (APR: -27.35%, Daily APR: -0.07%)"}
{"level":30,"time":1744444106317,"pid":31602,"hostname":"FreddeMacBook-Pro.local","msg":"更新 bybit 的资金费率: BIGTIMEUSDT -> 0.00005 (APR: 5.48%, Daily APR: 0.02%)"}
{"level":30,"time":1744444106317,"pid":31602,"hostname":"FreddeMacBook-Pro.local","msg":"更新 bybit 的资金费率: BNBUSDT -> -0.00013611 (APR: -14.90%, Daily APR: -0.04%)"}
{"level":30,"time":1744444106317,"pid":31602,"hostname":"FreddeMacBook-Pro.local","msg":"更新 bybit 的资金费率: BTCUSDT -> -0.00000804 (APR: -0.88%, Daily APR: -0.00%)"}
{"level":30,"time":1744444106317,"pid":31602,"hostname":"FreddeMacBook-Pro.local","msg":"更新 bybit 的资金费率: CRVUSDT -> 0.0001 (APR: 10.95%, Daily APR: 0.03%)"}
{"level":30,"time":1744444106317,"pid":31602,"hostname":"FreddeMacBook-Pro.local","msg":"更新 bybit 的资金费率: DOGEUSDT -> 0.00004252 (APR: 4.66%, Daily APR: 0.01%)"}
{"level":30,"time":1744444106317,"pid":31602,"hostname":"FreddeMacBook-Pro.local","msg":"更新 bybit 的资金费率: DOTUSDT -> 0.00009866 (APR: 10.80%, Daily APR: 0.03%)"}
{"level":30,"time":1744444106317,"pid":31602,"hostname":"FreddeMacBook-Pro.local","msg":"更新 bybit 的资金费率: ENAUSDT -> 0.00005 (APR: 5.48%, Daily APR: 0.02%)"}
{"level":30,"time":1744444106317,"pid":31602,"hostname":"FreddeMacBook-Pro.local","msg":"更新 bybit 的资金费率: EOSUSDT -> 0.00000222 (APR: 0.24%, Daily APR: 0.00%)"}
{"level":30,"time":1744444106317,"pid":31602,"hostname":"FreddeMacBook-Pro.local","msg":"更新 bybit 的资金费率: ETHUSDT -> 0.0000021 (APR: 0.23%, Daily APR: 0.00%)"}
{"level":30,"time":1744444106317,"pid":31602,"hostname":"FreddeMacBook-Pro.local","msg":"更新 bybit 的资金费率: FARTCOINUSDT -> 0.00005 (APR: 5.48%, Daily APR: 0.02%)"}
{"level":30,"time":1744444106317,"pid":31602,"hostname":"FreddeMacBook-Pro.local","msg":"更新 bybit 的资金费率: GASUSDT -> -0.00006435 (APR: -7.05%, Daily APR: -0.02%)"}
{"level":30,"time":1744444106317,"pid":31602,"hostname":"FreddeMacBook-Pro.local","msg":"更新 bybit 的资金费率: GUNUSDT -> 0.00005 (APR: 5.48%, Daily APR: 0.02%)"}
{"level":30,"time":1744444106317,"pid":31602,"hostname":"FreddeMacBook-Pro.local","msg":"更新 bybit 的资金费率: HBARUSDT -> -0.00003636 (APR: -3.98%, Daily APR: -0.01%)"}
{"level":30,"time":1744444106317,"pid":31602,"hostname":"FreddeMacBook-Pro.local","msg":"更新 bybit 的资金费率: LINKUSDT -> -0.0000125 (APR: -1.37%, Daily APR: -0.00%)"}
{"level":30,"time":1744444106317,"pid":31602,"hostname":"FreddeMacBook-Pro.local","msg":"更新 bybit 的资金费率: LTCUSDT -> -0.00008352 (APR: -9.15%, Daily APR: -0.03%)"}
{"level":30,"time":1744444106317,"pid":31602,"hostname":"FreddeMacBook-Pro.local","msg":"更新 bybit 的资金费率: MUBARAKUSDT -> 0.00005 (APR: 5.48%, Daily APR: 0.02%)"}
{"level":30,"time":1744444106317,"pid":31602,"hostname":"FreddeMacBook-Pro.local","msg":"更新 bybit 的资金费率: NEARUSDT -> 0.0001 (APR: 10.95%, Daily APR: 0.03%)"}
{"level":30,"time":1744444106317,"pid":31602,"hostname":"FreddeMacBook-Pro.local","msg":"更新 bybit 的资金费率: ONDOUSDT -> 0.00005 (APR: 5.48%, Daily APR: 0.02%)"}
{"level":30,"time":1744444106317,"pid":31602,"hostname":"FreddeMacBook-Pro.local","msg":"更新 bybit 的资金费率: ORCAUSDT -> -0.01738688 (APR: -1903.86%, Daily APR: -5.22%)"}
{"level":30,"time":1744444106317,"pid":31602,"hostname":"FreddeMacBook-Pro.local","msg":"更新 bybit 的资金费率: PARTIUSDT -> 0.00005 (APR: 5.48%, Daily APR: 0.02%)"}
{"level":30,"time":1744444106317,"pid":31602,"hostname":"FreddeMacBook-Pro.local","msg":"更新 bybit 的资金费率: POPCATUSDT -> -0.00002089 (APR: -2.29%, Daily APR: -0.01%)"}
{"level":30,"time":1744444106317,"pid":31602,"hostname":"FreddeMacBook-Pro.local","msg":"更新 bybit 的资金费率: PROMPTUSDT -> -0.00818927 (APR: -896.73%, Daily APR: -2.46%)"}
{"level":30,"time":1744444106317,"pid":31602,"hostname":"FreddeMacBook-Pro.local","msg":"更新 bybit 的资金费率: SOLUSDT -> 0.0001 (APR: 10.95%, Daily APR: 0.03%)"}
{"level":30,"time":1744444106317,"pid":31602,"hostname":"FreddeMacBook-Pro.local","msg":"更新 bybit 的资金费率: SUIUSDT -> -0.0000424 (APR: -4.64%, Daily APR: -0.01%)"}
{"level":30,"time":1744444106317,"pid":31602,"hostname":"FreddeMacBook-Pro.local","msg":"更新 bybit 的资金费率: SUSDT -> -0.00003793 (APR: -4.15%, Daily APR: -0.01%)"}
{"level":30,"time":1744444106317,"pid":31602,"hostname":"FreddeMacBook-Pro.local","msg":"更新 bybit 的资金费率: TAOUSDT -> 0.00003251 (APR: 3.56%, Daily APR: 0.01%)"}
{"level":30,"time":1744444106317,"pid":31602,"hostname":"FreddeMacBook-Pro.local","msg":"更新 bybit 的资金费率: TONUSDT -> 0.00005 (APR: 5.48%, Daily APR: 0.02%)"}
{"level":30,"time":1744444106317,"pid":31602,"hostname":"FreddeMacBook-Pro.local","msg":"更新 bybit 的资金费率: TRUMPUSDT -> 0.00005 (APR: 5.48%, Daily APR: 0.02%)"}
{"level":30,"time":1744444106317,"pid":31602,"hostname":"FreddeMacBook-Pro.local","msg":"更新 bybit 的资金费率: TRXUSDT -> 0.0001 (APR: 10.95%, Daily APR: 0.03%)"}
{"level":30,"time":1744444106317,"pid":31602,"hostname":"FreddeMacBook-Pro.local","msg":"更新 bybit 的资金费率: USUALUSDT -> -0.00017603 (APR: -19.28%, Daily APR: -0.05%)"}
{"level":30,"time":1744444106317,"pid":31602,"hostname":"FreddeMacBook-Pro.local","msg":"更新 bybit 的资金费率: UXLINKUSDT -> -0.00119189 (APR: -130.51%, Daily APR: -0.36%)"}
{"level":30,"time":1744444106317,"pid":31602,"hostname":"FreddeMacBook-Pro.local","msg":"更新 bybit 的资金费率: VIDTUSDT -> -0.01342128 (APR: -1469.63%, Daily APR: -4.03%)"}
{"level":30,"time":1744444106317,"pid":31602,"hostname":"FreddeMacBook-Pro.local","msg":"更新 bybit 的资金费率: VINEUSDT -> 0.00005 (APR: 5.48%, Daily APR: 0.02%)"}
{"level":30,"time":1744444106317,"pid":31602,"hostname":"FreddeMacBook-Pro.local","msg":"更新 bybit 的资金费率: VIRTUALUSDT -> -0.00099943 (APR: -109.44%, Daily APR: -0.30%)"}
{"level":30,"time":1744444106317,"pid":31602,"hostname":"FreddeMacBook-Pro.local","msg":"更新 bybit 的资金费率: WIFUSDT -> 0.00005 (APR: 5.48%, Daily APR: 0.02%)"}
{"level":30,"time":1744444106317,"pid":31602,"hostname":"FreddeMacBook-Pro.local","msg":"更新 bybit 的资金费率: XCNUSDT -> -0.00263505 (APR: -288.54%, Daily APR: -0.79%)"}
{"level":30,"time":1744444106317,"pid":31602,"hostname":"FreddeMacBook-Pro.local","msg":"更新 bybit 的资金费率: XRPUSDT -> 0.0001 (APR: 10.95%, Daily APR: 0.03%)"}
{"level":30,"time":1744444106317,"pid":31602,"hostname":"FreddeMacBook-Pro.local","msg":"bybit 通过 REST 获取资金费率成功"}
{"level":30,"time":1744444106528,"pid":31602,"hostname":"FreddeMacBook-Pro.local","msg":"更新 bitget 的资金费率: BTCUSDT -> 0.000077 (APR: 8.43%, Daily APR: 0.02%)"}
{"level":30,"time":1744444106528,"pid":31602,"hostname":"FreddeMacBook-Pro.local","msg":"更新 bitget 的资金费率: ETHUSDT -> 0.000004 (APR: 0.44%, Daily APR: 0.00%)"}
{"level":30,"time":1744444106528,"pid":31602,"hostname":"FreddeMacBook-Pro.local","msg":"更新 bitget 的资金费率: XRPUSDT -> 0.0001 (APR: 10.95%, Daily APR: 0.03%)"}
{"level":30,"time":1744444106528,"pid":31602,"hostname":"FreddeMacBook-Pro.local","msg":"更新 bitget 的资金费率: EOSUSDT -> 0.0001 (APR: 10.95%, Daily APR: 0.03%)"}
{"level":30,"time":1744444106528,"pid":31602,"hostname":"FreddeMacBook-Pro.local","msg":"更新 bitget 的资金费率: BCHUSDT -> 0.000077 (APR: 8.43%, Daily APR: 0.02%)"}
{"level":30,"time":1744444106528,"pid":31602,"hostname":"FreddeMacBook-Pro.local","msg":"更新 bitget 的资金费率: LTCUSDT -> 0.000034 (APR: 3.72%, Daily APR: 0.01%)"}
{"level":30,"time":1744444106528,"pid":31602,"hostname":"FreddeMacBook-Pro.local","msg":"更新 bitget 的资金费率: ADAUSDT -> 0.0001 (APR: 10.95%, Daily APR: 0.03%)"}
{"level":30,"time":1744444106528,"pid":31602,"hostname":"FreddeMacBook-Pro.local","msg":"更新 bitget 的资金费率: LINKUSDT -> 0.0001 (APR: 10.95%, Daily APR: 0.03%)"}
{"level":30,"time":1744444106528,"pid":31602,"hostname":"FreddeMacBook-Pro.local","msg":"更新 bitget 的资金费率: TRXUSDT -> 0.000048 (APR: 5.26%, Daily APR: 0.01%)"}
{"level":30,"time":1744444106528,"pid":31602,"hostname":"FreddeMacBook-Pro.local","msg":"更新 bitget 的资金费率: DOTUSDT -> -0.000044 (APR: -4.82%, Daily APR: -0.01%)"}
{"level":30,"time":1744444106528,"pid":31602,"hostname":"FreddeMacBook-Pro.local","msg":"更新 bitget 的资金费率: DOGEUSDT -> 0.0001 (APR: 10.95%, Daily APR: 0.03%)"}
{"level":30,"time":1744444106528,"pid":31602,"hostname":"FreddeMacBook-Pro.local","msg":"更新 bitget 的资金费率: SOLUSDT -> 0.0001 (APR: 10.95%, Daily APR: 0.03%)"}
{"level":30,"time":1744444106528,"pid":31602,"hostname":"FreddeMacBook-Pro.local","msg":"更新 bitget 的资金费率: BNBUSDT -> -0.000364 (APR: -39.86%, Daily APR: -0.11%)"}
{"level":30,"time":1744444106528,"pid":31602,"hostname":"FreddeMacBook-Pro.local","msg":"更新 bitget 的资金费率: AAVEUSDT -> 0.0001 (APR: 10.95%, Daily APR: 0.03%)"}
{"level":30,"time":1744444106528,"pid":31602,"hostname":"FreddeMacBook-Pro.local","msg":"更新 bitget 的资金费率: AVAXUSDT -> 0.000031 (APR: 3.39%, Daily APR: 0.01%)"}
{"level":30,"time":1744444106528,"pid":31602,"hostname":"FreddeMacBook-Pro.local","msg":"更新 bitget 的资金费率: CRVUSDT -> 0.0001 (APR: 10.95%, Daily APR: 0.03%)"}
{"level":30,"time":1744444106528,"pid":31602,"hostname":"FreddeMacBook-Pro.local","msg":"更新 bitget 的资金费率: NEARUSDT -> 0.0001 (APR: 10.95%, Daily APR: 0.03%)"}
{"level":30,"time":1744444106528,"pid":31602,"hostname":"FreddeMacBook-Pro.local","msg":"更新 bitget 的资金费率: HBARUSDT -> 0.0001 (APR: 10.95%, Daily APR: 0.03%)"}
{"level":30,"time":1744444106528,"pid":31602,"hostname":"FreddeMacBook-Pro.local","msg":"更新 bitget 的资金费率: SUIUSDT -> -0.000047 (APR: -5.15%, Daily APR: -0.01%)"}
{"level":30,"time":1744444106528,"pid":31602,"hostname":"FreddeMacBook-Pro.local","msg":"更新 bitget 的资金费率: TONUSDT -> 0.00005 (APR: 5.48%, Daily APR: 0.02%)"}
{"level":30,"time":1744444106528,"pid":31602,"hostname":"FreddeMacBook-Pro.local","msg":"更新 bitget 的资金费率: 1000BONKUSDT -> 0.00005 (APR: 5.48%, Daily APR: 0.02%)"}
{"level":30,"time":1744444106528,"pid":31602,"hostname":"FreddeMacBook-Pro.local","msg":"更新 bitget 的资金费率: BIGTIMEUSDT -> 0.00005 (APR: 5.48%, Daily APR: 0.02%)"}
{"level":30,"time":1744444106528,"pid":31602,"hostname":"FreddeMacBook-Pro.local","msg":"更新 bitget 的资金费率: WIFUSDT -> 0.00005 (APR: 5.48%, Daily APR: 0.02%)"}
{"level":30,"time":1744444106528,"pid":31602,"hostname":"FreddeMacBook-Pro.local","msg":"更新 bitget 的资金费率: ONDOUSDT -> 0.00005 (APR: 5.48%, Daily APR: 0.02%)"}
{"level":30,"time":1744444106528,"pid":31602,"hostname":"FreddeMacBook-Pro.local","msg":"更新 bitget 的资金费率: ENAUSDT -> -0.00007 (APR: -7.66%, Daily APR: -0.02%)"}
{"level":30,"time":1744444106528,"pid":31602,"hostname":"FreddeMacBook-Pro.local","msg":"更新 bitget 的资金费率: TAOUSDT -> -0.000081 (APR: -8.87%, Daily APR: -0.02%)"}
{"level":30,"time":1744444106528,"pid":31602,"hostname":"FreddeMacBook-Pro.local","msg":"更新 bitget 的资金费率: GASUSDT -> -0.000101 (APR: -11.06%, Daily APR: -0.03%)"}
{"level":30,"time":1744444106528,"pid":31602,"hostname":"FreddeMacBook-Pro.local","msg":"更新 bitget 的资金费率: UXLINKUSDT -> -0.000106 (APR: -11.61%, Daily APR: -0.03%)"}
{"level":30,"time":1744444106528,"pid":31602,"hostname":"FreddeMacBook-Pro.local","msg":"更新 bitget 的资金费率: POPCATUSDT -> 0.00005 (APR: 5.48%, Daily APR: 0.02%)"}
{"level":30,"time":1744444106528,"pid":31602,"hostname":"FreddeMacBook-Pro.local","msg":"更新 bitget 的资金费率: VIDTUSDT -> -0.016467 (APR: -1803.14%, Daily APR: -4.94%)"}
{"level":30,"time":1744444106529,"pid":31602,"hostname":"FreddeMacBook-Pro.local","msg":"更新 bitget 的资金费率: VIRTUALUSDT -> -0.000702 (APR: -76.87%, Daily APR: -0.21%)"}
{"level":30,"time":1744444106529,"pid":31602,"hostname":"FreddeMacBook-Pro.local","msg":"更新 bitget 的资金费率: ORCAUSDT -> -0.018 (APR: -1971.00%, Daily APR: -5.40%)"}
{"level":30,"time":1744444106529,"pid":31602,"hostname":"FreddeMacBook-Pro.local","msg":"更新 bitget 的资金费率: USUALUSDT -> -0.000097 (APR: -10.62%, Daily APR: -0.03%)"}
{"level":30,"time":1744444106529,"pid":31602,"hostname":"FreddeMacBook-Pro.local","msg":"更新 bitget 的资金费率: FARTCOINUSDT -> 0.00005 (APR: 5.48%, Daily APR: 0.02%)"}
{"level":30,"time":1744444106529,"pid":31602,"hostname":"FreddeMacBook-Pro.local","msg":"更新 bitget 的资金费率: ALCHUSDT -> 0.00005 (APR: 5.48%, Daily APR: 0.02%)"}
{"level":30,"time":1744444106529,"pid":31602,"hostname":"FreddeMacBook-Pro.local","msg":"更新 bitget 的资金费率: SUSDT -> 0.00005 (APR: 5.48%, Daily APR: 0.02%)"}
{"level":30,"time":1744444106529,"pid":31602,"hostname":"FreddeMacBook-Pro.local","msg":"更新 bitget 的资金费率: TRUMPUSDT -> 0.00005 (APR: 5.48%, Daily APR: 0.02%)"}
{"level":30,"time":1744444106529,"pid":31602,"hostname":"FreddeMacBook-Pro.local","msg":"更新 bitget 的资金费率: VINEUSDT -> 0.00005 (APR: 5.48%, Daily APR: 0.02%)"}
{"level":30,"time":1744444106529,"pid":31602,"hostname":"FreddeMacBook-Pro.local","msg":"更新 bitget 的资金费率: XCNUSDT -> -0.002714 (APR: -297.18%, Daily APR: -0.81%)"}
{"level":30,"time":1744444106529,"pid":31602,"hostname":"FreddeMacBook-Pro.local","msg":"更新 bitget 的资金费率: BERAUSDT -> -0.000259 (APR: -28.36%, Daily APR: -0.08%)"}
{"level":30,"time":1744444106529,"pid":31602,"hostname":"FreddeMacBook-Pro.local","msg":"更新 bitget 的资金费率: LAYERUSDT -> -0.000025 (APR: -2.74%, Daily APR: -0.01%)"}
{"level":30,"time":1744444106529,"pid":31602,"hostname":"FreddeMacBook-Pro.local","msg":"更新 bitget 的资金费率: MUBARAKUSDT -> 0.00005 (APR: 5.48%, Daily APR: 0.02%)"}
{"level":30,"time":1744444106529,"pid":31602,"hostname":"FreddeMacBook-Pro.local","msg":"更新 bitget 的资金费率: PARTIUSDT -> 0.00005 (APR: 5.48%, Daily APR: 0.02%)"}
{"level":30,"time":1744444106529,"pid":31602,"hostname":"FreddeMacBook-Pro.local","msg":"更新 bitget 的资金费率: FUNUSDT -> -0.000527 (APR: -57.71%, Daily APR: -0.16%)"}
{"level":30,"time":1744444106529,"pid":31602,"hostname":"FreddeMacBook-Pro.local","msg":"更新 bitget 的资金费率: GUNUSDT -> 0.000007 (APR: 0.77%, Daily APR: 0.00%)"}
{"level":30,"time":1744444106529,"pid":31602,"hostname":"FreddeMacBook-Pro.local","msg":"更新 bitget 的资金费率: BABYUSDT -> -0.011112 (APR: -1216.76%, Daily APR: -3.33%)"}
{"level":30,"time":1744444106529,"pid":31602,"hostname":"FreddeMacBook-Pro.local","msg":"更新 bitget 的资金费率: PROMPTUSDT -> -0.007643 (APR: -836.91%, Daily APR: -2.29%)"}
{"level":30,"time":1744444106529,"pid":31602,"hostname":"FreddeMacBook-Pro.local","msg":"bitget 通过 REST 获取资金费率成功"}
{"level":30,"time":1744444108096,"pid":31602,"hostname":"FreddeMacBook-Pro.local","msg":"更新 gate 的资金费率: USUAL_USDT -> -0.000411 (APR: -45.00%, Daily APR: -0.12%)"}
{"level":30,"time":1744444108096,"pid":31602,"hostname":"FreddeMacBook-Pro.local","msg":"更新 gate 的资金费率: FARTCOIN_USDT -> -0.000076 (APR: -8.32%, Daily APR: -0.02%)"}
{"level":30,"time":1744444108096,"pid":31602,"hostname":"FreddeMacBook-Pro.local","msg":"更新 gate 的资金费率: VINE_USDT -> 0.00005 (APR: 5.48%, Daily APR: 0.02%)"}
{"level":30,"time":1744444108096,"pid":31602,"hostname":"FreddeMacBook-Pro.local","msg":"更新 gate 的资金费率: DOT_USDT -> 0.000079 (APR: 8.65%, Daily APR: 0.02%)"}
{"level":30,"time":1744444108096,"pid":31602,"hostname":"FreddeMacBook-Pro.local","msg":"更新 gate 的资金费率: TRUMP_USDT -> 0.000014 (APR: 1.53%, Daily APR: 0.00%)"}
{"level":30,"time":1744444108096,"pid":31602,"hostname":"FreddeMacBook-Pro.local","msg":"更新 gate 的资金费率: PROMPT_USDT -> -0.00932 (APR: -1020.54%, Daily APR: -2.80%)"}
{"level":30,"time":1744444108096,"pid":31602,"hostname":"FreddeMacBook-Pro.local","msg":"更新 gate 的资金费率: TON_USDT -> 0.000045 (APR: 4.93%, Daily APR: 0.01%)"}
{"level":30,"time":1744444108096,"pid":31602,"hostname":"FreddeMacBook-Pro.local","msg":"更新 gate 的资金费率: NEAR_USDT -> -0.000031 (APR: -3.39%, Daily APR: -0.01%)"}
{"level":30,"time":1744444108096,"pid":31602,"hostname":"FreddeMacBook-Pro.local","msg":"更新 gate 的资金费率: TAO_USDT -> 0.00005 (APR: 5.48%, Daily APR: 0.02%)"}
{"level":30,"time":1744444108096,"pid":31602,"hostname":"FreddeMacBook-Pro.local","msg":"更新 gate 的资金费率: CRV_USDT -> 0.0001 (APR: 10.95%, Daily APR: 0.03%)"}
{"level":30,"time":1744444108096,"pid":31602,"hostname":"FreddeMacBook-Pro.local","msg":"更新 gate 的资金费率: AAVE_USDT -> 0.000066 (APR: 7.23%, Daily APR: 0.02%)"}
{"level":30,"time":1744444108096,"pid":31602,"hostname":"FreddeMacBook-Pro.local","msg":"更新 gate 的资金费率: ADA_USDT -> -0.000041 (APR: -4.49%, Daily APR: -0.01%)"}
{"level":30,"time":1744444108096,"pid":31602,"hostname":"FreddeMacBook-Pro.local","msg":"更新 gate 的资金费率: ALCH_USDT -> 0.00005 (APR: 5.48%, Daily APR: 0.02%)"}
{"level":30,"time":1744444108096,"pid":31602,"hostname":"FreddeMacBook-Pro.local","msg":"更新 gate 的资金费率: SUI_USDT -> 0.00002 (APR: 2.19%, Daily APR: 0.01%)"}
{"level":30,"time":1744444108096,"pid":31602,"hostname":"FreddeMacBook-Pro.local","msg":"更新 gate 的资金费率: GAS_USDT -> -0.000274 (APR: -30.00%, Daily APR: -0.08%)"}
{"level":30,"time":1744444108096,"pid":31602,"hostname":"FreddeMacBook-Pro.local","msg":"更新 gate 的资金费率: ETH_USDT -> -0.000102 (APR: -11.17%, Daily APR: -0.03%)"}
{"level":30,"time":1744444108096,"pid":31602,"hostname":"FreddeMacBook-Pro.local","msg":"更新 gate 的资金费率: BABY_USDT -> -0.007975 (APR: -873.26%, Daily APR: -2.39%)"}
{"level":30,"time":1744444108096,"pid":31602,"hostname":"FreddeMacBook-Pro.local","msg":"更新 gate 的资金费率: DOGE_USDT -> -0.000008 (APR: -0.88%, Daily APR: -0.00%)"}
{"level":30,"time":1744444108096,"pid":31602,"hostname":"FreddeMacBook-Pro.local","msg":"更新 gate 的资金费率: GUN_USDT -> 0.00005 (APR: 5.48%, Daily APR: 0.02%)"}
{"level":30,"time":1744444108096,"pid":31602,"hostname":"FreddeMacBook-Pro.local","msg":"更新 gate 的资金费率: POPCAT_USDT -> 0.000029 (APR: 3.18%, Daily APR: 0.01%)"}
{"level":30,"time":1744444108096,"pid":31602,"hostname":"FreddeMacBook-Pro.local","msg":"更新 gate 的资金费率: SOL_USDT -> -0.000089 (APR: -9.75%, Daily APR: -0.03%)"}
{"level":30,"time":1744444108096,"pid":31602,"hostname":"FreddeMacBook-Pro.local","msg":"更新 gate 的资金费率: VIRTUAL_USDT -> -0.000784 (APR: -85.85%, Daily APR: -0.24%)"}
{"level":30,"time":1744444108096,"pid":31602,"hostname":"FreddeMacBook-Pro.local","msg":"更新 gate 的资金费率: XRP_USDT -> 0.000039 (APR: 4.27%, Daily APR: 0.01%)"}
{"level":30,"time":1744444108096,"pid":31602,"hostname":"FreddeMacBook-Pro.local","msg":"更新 gate 的资金费率: BNB_USDT -> -0.000071 (APR: -7.77%, Daily APR: -0.02%)"}
{"level":30,"time":1744444108096,"pid":31602,"hostname":"FreddeMacBook-Pro.local","msg":"更新 gate 的资金费率: XCN_USDT -> -0.003113 (APR: -340.87%, Daily APR: -0.93%)"}
{"level":30,"time":1744444108096,"pid":31602,"hostname":"FreddeMacBook-Pro.local","msg":"更新 gate 的资金费率: PARTI_USDT -> -0.000101 (APR: -11.06%, Daily APR: -0.03%)"}
{"level":30,"time":1744444108096,"pid":31602,"hostname":"FreddeMacBook-Pro.local","msg":"更新 gate 的资金费率: LAYER_USDT -> -0.000027 (APR: -2.96%, Daily APR: -0.01%)"}
{"level":30,"time":1744444108096,"pid":31602,"hostname":"FreddeMacBook-Pro.local","msg":"更新 gate 的资金费率: ORCA_USDT -> -0.01628 (APR: -1782.66%, Daily APR: -4.88%)"}
{"level":30,"time":1744444108096,"pid":31602,"hostname":"FreddeMacBook-Pro.local","msg":"更新 gate 的资金费率: UXLINK_USDT -> -0.000639 (APR: -69.97%, Daily APR: -0.19%)"}
{"level":30,"time":1744444108096,"pid":31602,"hostname":"FreddeMacBook-Pro.local","msg":"更新 gate 的资金费率: HBAR_USDT -> -0.000052 (APR: -5.69%, Daily APR: -0.02%)"}
{"level":30,"time":1744444108096,"pid":31602,"hostname":"FreddeMacBook-Pro.local","msg":"更新 gate 的资金费率: WIF_USDT -> -0.000097 (APR: -10.62%, Daily APR: -0.03%)"}
{"level":30,"time":1744444108096,"pid":31602,"hostname":"FreddeMacBook-Pro.local","msg":"更新 gate 的资金费率: AVAX_USDT -> -0.000057 (APR: -6.24%, Daily APR: -0.02%)"}
{"level":30,"time":1744444108096,"pid":31602,"hostname":"FreddeMacBook-Pro.local","msg":"更新 gate 的资金费率: LINK_USDT -> 0.000014 (APR: 1.53%, Daily APR: 0.00%)"}
{"level":30,"time":1744444108096,"pid":31602,"hostname":"FreddeMacBook-Pro.local","msg":"更新 gate 的资金费率: ENA_USDT -> 0.00005 (APR: 5.48%, Daily APR: 0.02%)"}
{"level":30,"time":1744444108096,"pid":31602,"hostname":"FreddeMacBook-Pro.local","msg":"更新 gate 的资金费率: S_USDT -> 0.00005 (APR: 5.48%, Daily APR: 0.02%)"}
{"level":30,"time":1744444108096,"pid":31602,"hostname":"FreddeMacBook-Pro.local","msg":"更新 gate 的资金费率: BCH_USDT -> 0.0001 (APR: 10.95%, Daily APR: 0.03%)"}
{"level":30,"time":1744444108096,"pid":31602,"hostname":"FreddeMacBook-Pro.local","msg":"更新 gate 的资金费率: BTC_USDT -> -0.000021 (APR: -2.30%, Daily APR: -0.01%)"}
{"level":30,"time":1744444108096,"pid":31602,"hostname":"FreddeMacBook-Pro.local","msg":"更新 gate 的资金费率: BIGTIME_USDT -> -0.000044 (APR: -4.82%, Daily APR: -0.01%)"}
{"level":30,"time":1744444108096,"pid":31602,"hostname":"FreddeMacBook-Pro.local","msg":"更新 gate 的资金费率: ONDO_USDT -> 0.00005 (APR: 5.48%, Daily APR: 0.02%)"}
{"level":30,"time":1744444108096,"pid":31602,"hostname":"FreddeMacBook-Pro.local","msg":"更新 gate 的资金费率: LTC_USDT -> -0.000013 (APR: -1.42%, Daily APR: -0.00%)"}
{"level":30,"time":1744444108096,"pid":31602,"hostname":"FreddeMacBook-Pro.local","msg":"更新 gate 的资金费率: BERA_USDT -> -0.000221 (APR: -24.20%, Daily APR: -0.07%)"}
{"level":30,"time":1744444108096,"pid":31602,"hostname":"FreddeMacBook-Pro.local","msg":"更新 gate 的资金费率: TRX_USDT -> 0.0001 (APR: 10.95%, Daily APR: 0.03%)"}
{"level":30,"time":1744444108096,"pid":31602,"hostname":"FreddeMacBook-Pro.local","msg":"更新 gate 的资金费率: MUBARAK_USDT -> 0.00005 (APR: 5.48%, Daily APR: 0.02%)"}
{"level":30,"time":1744444108096,"pid":31602,"hostname":"FreddeMacBook-Pro.local","msg":"更新 gate 的资金费率: FUN_USDT -> -0.001788 (APR: -195.79%, Daily APR: -0.54%)"}
{"level":30,"time":1744444108096,"pid":31602,"hostname":"FreddeMacBook-Pro.local","msg":"更新 gate 的资金费率: EOS_USDT -> -0.00016 (APR: -17.52%, Daily APR: -0.05%)"}
{"level":30,"time":1744444108096,"pid":31602,"hostname":"FreddeMacBook-Pro.local","msg":"gate 通过 REST 获取资金费率成功"}
{"level":30,"time":1744444108916,"pid":31602,"hostname":"FreddeMacBook-Pro.local","msg":"Telegram 消息推送成功"}
